[01:35:08] [Render thread/INFO] [JMLogger] JourneyMap log initialized.
[01:35:08] [Render thread/INFO] [JourneymapClient] initialize ENTER
[01:35:08] [Render thread/INFO] [ClientAPI] [ClientAPI] built with JourneyMap API 1.8-SNAPSHOT
[01:35:08] [Render thread/INFO] [PluginHelper] Initializing plugins with Client API: journeymap.client.api.impl.ClientAPI
[01:35:09] [Render thread/WARN] [PropertiesBase] core (Initialized) Bad configField entry during updateFrom(): optionsManagerViewed=null
[01:35:09] [Render thread/WARN] [PropertiesBase] core (Initialized) Bad configField entry during updateFrom(): splashViewed=null
[01:35:09] [Render thread/INFO] [?] Version: JourneyMap 1.18.1-5.8.0beta13, built with Forge 1.18.1-39.0.66
Forge: 39.0.64
Environment: os.name, os.arch, java.version, user.country, user.language=null, game language=en_us, locale=en_us
Features: 
	RadarPlayers : singleplayer = true , multiplayer = true
	RadarAnimals : singleplayer = true , multiplayer = true
	RadarMobs : singleplayer = true , multiplayer = true
	RadarVillagers : singleplayer = true , multiplayer = true
	MapTopo : singleplayer = true , multiplayer = true
	MapSurface : singleplayer = true , multiplayer = true
	MapCaves : singleplayer = true , multiplayer = true
	MapBiome : singleplayer = true , multiplayer = true
MiniMapProperties{state=Valid, file=journeymap.minimap.config, configVersion=5.8.0beta13, zoomLevel=0, compassFontScale=1.0, terrainAlpha=100, showEntityNames=true, positionX=0.9, positionY=0.25, effectVertical=false, showPlayerHeading=true, sizePercent=30, playerDisplayScale=0.5, showDayNight=true, showPets=true, preferredMapType=day, showCompass=true, mobDisplay=jm.common.entity_display.dots, systemTimeRealFormat=HH:mm:ss, shape=jm.minimap.shape_circle, showSelf=true, selfDisplayScale=0.5, showGrid=true, reticleOrientation=jm.minimap.orientation.compass, gameTimeRealFormat=HH:mm:ss, effectTranslateX=0, showWaypoints=true, minimapKeyMovementSpeed=0.001, showAnimals=true, infoSlotAlpha=0.7, effectTranslateY=0, showWaypointLabels=true, moveEffectIcons=true, position=jm.minimap.position_topright, fontScale=1.0, showPlayers=true, frameAlpha=100, effectReversed=false, backgroundAlpha=0.8, enabled=true, showVillagers=true, info2Label=jm.theme.labelsource.gametime, info3Label=jm.theme.labelsource.location, showMobs=true, waypointLabelScale=1.0, showReticle=true, orientation=jm.minimap.orientation.north, info4Label=jm.theme.labelsource.biome, locationFormat=xzyv, playerDisplay=jm.common.entity_display.dots, mobDisplayScale=0.5, showCaves=true, showMobHeading=true, locationFormatVerbose=true, info1Label=jm.theme.labelsource.blank}
MiniMapProperties{state=Valid, file=journeymap.minimap2.config, configVersion=5.8.0beta13, zoomLevel=0, compassFontScale=1.0, terrainAlpha=100, showEntityNames=true, positionX=0.9, positionY=0.25, effectVertical=false, showPlayerHeading=true, sizePercent=30, playerDisplayScale=0.5, showDayNight=true, showPets=true, preferredMapType=day, showCompass=true, mobDisplay=jm.common.entity_display.dots, systemTimeRealFormat=HH:mm:ss, shape=jm.minimap.shape_rectangle, showSelf=true, selfDisplayScale=0.5, showGrid=true, reticleOrientation=jm.minimap.orientation.compass, gameTimeRealFormat=HH:mm:ss, effectTranslateX=0, showWaypoints=true, minimapKeyMovementSpeed=0.001, showAnimals=true, infoSlotAlpha=0.7, effectTranslateY=0, showWaypointLabels=true, moveEffectIcons=true, position=jm.minimap.position_topright, fontScale=1.0, showPlayers=true, frameAlpha=100, effectReversed=false, backgroundAlpha=0.8, enabled=true, showVillagers=true, info2Label=jm.theme.labelsource.gametime, info3Label=jm.theme.labelsource.location, showMobs=true, waypointLabelScale=1.0, showReticle=true, orientation=jm.minimap.orientation.north, info4Label=jm.theme.labelsource.biome, locationFormat=xzyv, playerDisplay=jm.common.entity_display.dots, mobDisplayScale=0.5, showCaves=true, showMobHeading=true, locationFormatVerbose=true, info1Label=jm.theme.labelsource.blank}
FullMapProperties{state=Valid, file=journeymap.fullmap.config, configVersion=5.8.0beta13, zoomLevel=0, showPlayers=true, showEntityNames=true, showPlayerHeading=true, showVillagers=true, showPlayerLoc=true, showKeys=true, playerDisplayScale=0.5, showMobs=true, showPets=true, waypointLabelScale=1.0, preferredMapType=day, mobDisplay=jm.common.entity_display.dots, showSelf=true, locationFormat=xzyv, playerDisplay=jm.common.entity_display.dots, mobDisplayScale=0.5, selfDisplayScale=0.5, showGrid=true, showMouseLoc=true, showWaypoints=true, showCaves=true, showAnimals=true, dragScale=1, showMobHeading=true, showWaypointLabels=true, locationFormatVerbose=true, fontScale=1.0}
WaypointProperties{state=Valid, file=journeymap.waypoint.config, configVersion=5.8.0beta13, autoRemoveDeathpointDistance=2, dateFormat=MM-dd-yyyy, autoRemoveDeathpoints=false, fullscreenDoubleClickToCreate=true, managerDimensionFocus=false, minDistance=4, boldLabel=false, textureSmall=true, showDeathpointlabel=true, beaconEnabled=true, createDeathpoints=true, showName=true, disableStrikeThrough=false, maxDistance=0, autoHideLabel=true, autoRemoveTempWaypoints=2, teleportCommand=/tp {name} {x} {y} {z}, showStaticBeam=true, timeFormat=HH:mm:ss, showDeviationLabel=false, showDistance=true, showRotatingBeam=true, fontScale=2.0, showTexture=true, managerEnabled=true}
WebMapProperties{state=Valid, file=journeymap.webmap.config, configVersion=5.8.0beta13, port=8080, enabled=false}
CoreProperties{state=Valid, file=journeymap.core.config, configVersion=5.8.0beta13, verboseColorPalette=false, maxPlayersData=32, mapSurfaceAboveCaves=true, dataCachingEnabled=true, optionsManagerViewed=null, announceMod=true, colorPassive=#bbbbbb, renderOverlayEventTypeName=ALL, mapBlendWater=false, renderDistanceSurfaceMax=0, radarVerticalDistance=16, mapBlendGrass=true, recordCacheStats=false, hideSneakingEntities=true, revealShape=jm.minimap.shape_circle, mapBiome=true, alwaysMapSurface=false, colorVillager=#88e188, mapPlants=false, colorPet=#0077ff, radarLateralDistance=64, mapBathymetry=false, mapCrops=true, maxMobsData=32, mapPlantShadows=false, alwaysMapCaves=false, checkUpdates=true, browserPoll=2000, mapBlendFoliage=true, hideSpectators=false, mappingEnabled=true, colorPlayer=#ffffff, tileHighDisplayQuality=true, cacheVillagersData=2200, logLevel=INFO, maxVillagersData=32, mapWaterBiomeColors=false, maxAnimalsData=32, mapTransparency=true, tileRenderType=1, caveIgnoreGlass=true, mapTopography=true, renderDistanceCaveMax=0, mapAntialiasing=true, colorSelf=#0000ff, cachePlayersData=2000, cacheMobsData=3000, cachePlayerData=1000, splashViewed=null, colorHostile=#ff0000, cacheAnimalsData=3100, themeName=OceanMonument, mapCaveLighting=true, renderDelay=2, renderOverlayPreEvent=true, autoMapPoll=2000}
[01:35:09] [Render thread/INFO] [JourneymapClient] initialize EXIT, elapsed count 1 avg 386.81ms
[01:35:43] [Render thread/INFO] [JourneymapClient] Journeymap PostInit
[01:35:43] [Render thread/ERROR] [FileHandler] Couldn't locate icons for flat: C:\Users\George-windows\curseforge\minecraft\Instances\Starlight%20SMP\mods\journeymap-1.18.1-5.8.0beta13.jar\assets\journeymap\theme\flat
[01:35:43] [Render thread/INFO] [ThemeLoader] Preloaded theme textures: 0
[01:35:43] [Render thread/INFO] [JourneymapClient] postInitialize EXIT, elapsed count 1 avg 23.15ms
[01:37:19] [Server thread/INFO] [ForgeConfig] Loading JourneyMap Forge Configs
[01:38:03] [Server thread/INFO] [PropertiesBase] global (FirstLoaded) Setting config file to version "5.8.0beta13": journeymap.server.global.config
[01:38:03] [Server thread/INFO] [PropertiesBase] global (Valid) Creating config file: C:\Users\George-windows\curseforge\minecraft\Instances\Starlight SMP\journeymap\server\5.8\journeymap.server.global.config
[01:38:03] [Server thread/INFO] [PropertiesBase] default (FirstLoaded) Setting config file to version "5.8.0beta13": journeymap.server.default.config
[01:38:03] [Server thread/INFO] [PropertiesBase] default (Valid) Creating config file: C:\Users\George-windows\curseforge\minecraft\Instances\Starlight SMP\journeymap\server\5.8\journeymap.server.default.config
[01:38:03] [Server thread/INFO] [PropertiesBase] minecraft~overworld (Initialized) Setting config file to version "5.8.0beta13": journeymap.server.minecraft~overworld.config
[01:38:03] [Server thread/INFO] [PropertiesBase] minecraft~overworld (Valid) Creating config file: C:\Users\George-windows\curseforge\minecraft\Instances\Starlight SMP\journeymap\server\5.8\journeymap.server.minecraft~overworld.config
[01:38:03] [Server thread/INFO] [PropertiesBase] minecraft~the_nether (Initialized) Setting config file to version "5.8.0beta13": journeymap.server.minecraft~the_nether.config
[01:38:03] [Server thread/INFO] [PropertiesBase] minecraft~the_nether (Valid) Creating config file: C:\Users\George-windows\curseforge\minecraft\Instances\Starlight SMP\journeymap\server\5.8\journeymap.server.minecraft~the_nether.config
[01:38:03] [Server thread/INFO] [PropertiesBase] minecraft~the_end (Initialized) Setting config file to version "5.8.0beta13": journeymap.server.minecraft~the_end.config
[01:38:03] [Server thread/INFO] [PropertiesBase] minecraft~the_end (Valid) Creating config file: C:\Users\George-windows\curseforge\minecraft\Instances\Starlight SMP\journeymap\server\5.8\journeymap.server.minecraft~the_end.config
[01:38:03] [Server thread/INFO] [PropertiesBase] ae2~spatial_storage (Initialized) Setting config file to version "5.8.0beta13": journeymap.server.ae2~spatial_storage.config
[01:38:03] [Server thread/INFO] [PropertiesBase] ae2~spatial_storage (Valid) Creating config file: C:\Users\George-windows\curseforge\minecraft\Instances\Starlight SMP\journeymap\server\5.8\journeymap.server.ae2~spatial_storage.config
[01:38:03] [Server thread/INFO] [PropertiesBase] beyond_earth~moon (Initialized) Setting config file to version "5.8.0beta13": journeymap.server.beyond_earth~moon.config
[01:38:03] [Server thread/INFO] [PropertiesBase] beyond_earth~moon (Valid) Creating config file: C:\Users\George-windows\curseforge\minecraft\Instances\Starlight SMP\journeymap\server\5.8\journeymap.server.beyond_earth~moon.config
[01:38:03] [Server thread/INFO] [PropertiesBase] beyond_earth~glacio_orbit (Initialized) Setting config file to version "5.8.0beta13": journeymap.server.beyond_earth~glacio_orbit.config
[01:38:03] [Server thread/INFO] [PropertiesBase] beyond_earth~glacio_orbit (Valid) Creating config file: C:\Users\George-windows\curseforge\minecraft\Instances\Starlight SMP\journeymap\server\5.8\journeymap.server.beyond_earth~glacio_orbit.config
[01:38:03] [Server thread/INFO] [PropertiesBase] beyond_earth~venus (Initialized) Setting config file to version "5.8.0beta13": journeymap.server.beyond_earth~venus.config
[01:38:03] [Server thread/INFO] [PropertiesBase] beyond_earth~venus (Valid) Creating config file: C:\Users\George-windows\curseforge\minecraft\Instances\Starlight SMP\journeymap\server\5.8\journeymap.server.beyond_earth~venus.config
[01:38:03] [Server thread/INFO] [PropertiesBase] beyond_earth~mars_orbit (Initialized) Setting config file to version "5.8.0beta13": journeymap.server.beyond_earth~mars_orbit.config
[01:38:03] [Server thread/INFO] [PropertiesBase] beyond_earth~mars_orbit (Valid) Creating config file: C:\Users\George-windows\curseforge\minecraft\Instances\Starlight SMP\journeymap\server\5.8\journeymap.server.beyond_earth~mars_orbit.config
[01:38:03] [Server thread/INFO] [PropertiesBase] beyond_earth~mercury (Initialized) Setting config file to version "5.8.0beta13": journeymap.server.beyond_earth~mercury.config
[01:38:03] [Server thread/INFO] [PropertiesBase] beyond_earth~mercury (Valid) Creating config file: C:\Users\George-windows\curseforge\minecraft\Instances\Starlight SMP\journeymap\server\5.8\journeymap.server.beyond_earth~mercury.config
[01:38:03] [Server thread/INFO] [PropertiesBase] beyond_earth~glacio (Initialized) Setting config file to version "5.8.0beta13": journeymap.server.beyond_earth~glacio.config
[01:38:03] [Server thread/INFO] [PropertiesBase] beyond_earth~glacio (Valid) Creating config file: C:\Users\George-windows\curseforge\minecraft\Instances\Starlight SMP\journeymap\server\5.8\journeymap.server.beyond_earth~glacio.config
[01:38:03] [Server thread/INFO] [PropertiesBase] beyond_earth~mercury_orbit (Initialized) Setting config file to version "5.8.0beta13": journeymap.server.beyond_earth~mercury_orbit.config
[01:38:03] [Server thread/INFO] [PropertiesBase] beyond_earth~mercury_orbit (Valid) Creating config file: C:\Users\George-windows\curseforge\minecraft\Instances\Starlight SMP\journeymap\server\5.8\journeymap.server.beyond_earth~mercury_orbit.config
[01:38:03] [Server thread/INFO] [PropertiesBase] beyond_earth~moon_orbit (Initialized) Setting config file to version "5.8.0beta13": journeymap.server.beyond_earth~moon_orbit.config
[01:38:03] [Server thread/INFO] [PropertiesBase] beyond_earth~moon_orbit (Valid) Creating config file: C:\Users\George-windows\curseforge\minecraft\Instances\Starlight SMP\journeymap\server\5.8\journeymap.server.beyond_earth~moon_orbit.config
[01:38:03] [Server thread/INFO] [PropertiesBase] nullscape~end_island (Initialized) Setting config file to version "5.8.0beta13": journeymap.server.nullscape~end_island.config
[01:38:03] [Server thread/INFO] [PropertiesBase] nullscape~end_island (Valid) Creating config file: C:\Users\George-windows\curseforge\minecraft\Instances\Starlight SMP\journeymap\server\5.8\journeymap.server.nullscape~end_island.config
[01:38:03] [Server thread/INFO] [PropertiesBase] beyond_earth~venus_orbit (Initialized) Setting config file to version "5.8.0beta13": journeymap.server.beyond_earth~venus_orbit.config
[01:38:03] [Server thread/INFO] [PropertiesBase] beyond_earth~venus_orbit (Valid) Creating config file: C:\Users\George-windows\curseforge\minecraft\Instances\Starlight SMP\journeymap\server\5.8\journeymap.server.beyond_earth~venus_orbit.config
[01:38:03] [Server thread/INFO] [PropertiesBase] beyond_earth~mars (Initialized) Setting config file to version "5.8.0beta13": journeymap.server.beyond_earth~mars.config
[01:38:03] [Server thread/INFO] [PropertiesBase] beyond_earth~mars (Valid) Creating config file: C:\Users\George-windows\curseforge\minecraft\Instances\Starlight SMP\journeymap\server\5.8\journeymap.server.beyond_earth~mars.config
[01:38:03] [Server thread/INFO] [PropertiesBase] beyond_earth~overworld_orbit (Initialized) Setting config file to version "5.8.0beta13": journeymap.server.beyond_earth~overworld_orbit.config
[01:38:03] [Server thread/INFO] [PropertiesBase] beyond_earth~overworld_orbit (Valid) Creating config file: C:\Users\George-windows\curseforge\minecraft\Instances\Starlight SMP\journeymap\server\5.8\journeymap.server.beyond_earth~overworld_orbit.config
[01:38:03] [Server thread/INFO] [PropertiesBase] blue_skies~everbright (Initialized) Setting config file to version "5.8.0beta13": journeymap.server.blue_skies~everbright.config
[01:38:03] [Server thread/INFO] [PropertiesBase] blue_skies~everbright (Valid) Creating config file: C:\Users\George-windows\curseforge\minecraft\Instances\Starlight SMP\journeymap\server\5.8\journeymap.server.blue_skies~everbright.config
[01:38:03] [Server thread/INFO] [PropertiesBase] blue_skies~everdawn (Initialized) Setting config file to version "5.8.0beta13": journeymap.server.blue_skies~everdawn.config
[01:38:03] [Server thread/INFO] [PropertiesBase] blue_skies~everdawn (Valid) Creating config file: C:\Users\George-windows\curseforge\minecraft\Instances\Starlight SMP\journeymap\server\5.8\journeymap.server.blue_skies~everdawn.config
[01:38:36] [Render thread/INFO] [ModBlockDelegate] Custom modded block handling enabled for biomesoplenty
[01:38:38] [Render thread/INFO] [ChatLog] 
[01:38:38] [Render thread/WARN] [PropertiesBase] core (Initialized) Bad configField entry during updateFrom(): optionsManagerViewed=null
[01:38:38] [Render thread/WARN] [PropertiesBase] core (Initialized) Bad configField entry during updateFrom(): splashViewed=null
[01:38:38] [Render thread/INFO] [WaypointStore] Loaded 0 waypoints from C:\Users\George-windows\curseforge\minecraft\Instances\Starlight SMP\journeymap\data\sp\New World ~2~\waypoints
[01:38:38] [Render thread/INFO] [JourneymapClient] Mapping started in C:\Users\George-windows\curseforge\minecraft\Instances\Starlight SMP\journeymap\data\sp\New World ~2~\overworld. Memory: 8808MB total, 3134MB free 
[01:44:12] [Render thread/INFO] [JourneymapClient] Mapping halted in C:\Users\George-windows\curseforge\minecraft\Instances\Starlight SMP\journeymap\data\mp\offline\minecraft:overworld
